<?xml version="1.0" encoding="UTF-8"?>
<!-- Generated by org.testng.reporters.JUnitReportReporter -->
<testsuite hostname="2013-20150710ZF" name="YGMMobileApitest" tests="1" failures="0" timestamp="12 Mar 2018 08:52:52 GMT" time="0.843" errors="0">
  <testcase name="test_commonLocationList" time="0.843" classname="YGMMobileApitest"/>
</testsuite> <!-- YGMMobileApitest -->
