<?xml version="1.0" encoding="UTF-8"?>
<!-- Generated by org.testng.reporters.JUnitReportReporter -->
<testsuite hostname="xushan3" name="findyou.testcase.KoudaiLogin" tests="1" failures="0" timestamp="17 Apr 2017 10:15:58 GMT" time="0.117" errors="0">
  <testcase name="getShenZhen_Succ" time="0.117" classname="findyou.testcase.KoudaiLogin"/>
</testsuite> <!-- findyou.testcase.KoudaiLogin -->
