<?xml version="1.0" encoding="UTF-8"?>
<!-- Generated by org.testng.reporters.JUnitReportReporter -->
<testsuite hostname="xushan-PC" name="com.fcar.yunlianFinancial.test.CreateOrderSuccessfullyTest" tests="1" failures="0" timestamp="18 May 2017 01:27:16 GMT" time="0.296" errors="0">
  <testcase name="CreateOrder_NameError" time="0.296" classname="com.fcar.yunlianFinancial.test.CreateOrderSuccessfullyTest"/>
</testsuite> <!-- com.fcar.yunlianFinancial.test.CreateOrderSuccessfullyTest -->
