<?xml version="1.0" encoding="UTF-8"?>
<!-- Generated by org.testng.reporters.JUnitReportReporter -->
<testsuite hostname="2013-20150710ZF" name="com.fcar.demo.test.testLogin" tests="1" failures="0" timestamp="7 Mar 2018 02:55:18 GMT" time="0.985" errors="0">
  <testcase name="testLoing_get" time="0.985" classname="com.fcar.demo.test.testLogin"/>
</testsuite> <!-- com.fcar.demo.test.testLogin -->
