<?xml version="1.0" encoding="UTF-8"?>
<!-- Generated by org.testng.reporters.JUnitReportReporter -->
<testsuite hostname="2013-20150710ZF" name="com.fcar.demo.test.YGMMobileApitest" tests="1" failures="0" timestamp="13 Mar 2018 02:11:54 GMT" time="0.195" errors="0">
  <testcase name="test_carTelecontrol" time="0.195" classname="com.fcar.demo.test.YGMMobileApitest"/>
</testsuite> <!-- com.fcar.demo.test.YGMMobileApitest -->
