<?xml version="1.0" encoding="UTF-8"?>
<!-- Generated by org.testng.reporters.JUnitReportReporter -->
<testsuite hostname="xushan3" name="findyou.testcase.test" tests="3" failures="0" timestamp="17 Apr 2017 10:15:58 GMT" time="0.121" errors="0">
  <testcase name="getShenZhen_Succ" time="0.043" classname="findyou.testcase.test"/>
  <testcase name="getBeiJing_Succ" time="0.010" classname="findyou.testcase.test"/>
  <testcase name="getShangHai_Succ" time="0.068" classname="findyou.testcase.test"/>
</testsuite> <!-- findyou.testcase.test -->
