<?xml version="1.0" encoding="UTF-8"?>
<!-- Generated by org.testng.reporters.JUnitReportReporter -->
<testsuite hostname="2013-20150710ZF" name="com.fcar.demo.test.CityWeatherTest" tests="1" failures="0" timestamp="6 Mar 2018 07:43:49 GMT" time="0.361" errors="0">
  <testcase name="getShenZhen_Succ" time="0.361" classname="com.fcar.demo.test.CityWeatherTest"/>
</testsuite> <!-- com.fcar.demo.test.CityWeatherTest -->
