<?xml version="1.0" encoding="UTF-8"?>
<!-- Generated by org.testng.reporters.JUnitReportReporter -->
<testsuite hostname="2013-20150710ZF" name="com.fcar.demo.test.CityWeatherTestPost" tests="1" failures="0" timestamp="6 Mar 2018 04:06:43 GMT" time="2.779" errors="0">
  <testcase name="test_shenzhen" time="2.779" classname="com.fcar.demo.test.CityWeatherTestPost"/>
</testsuite> <!-- com.fcar.demo.test.CityWeatherTestPost -->
